TN:
SF:src/components/Dashboard/DashboardCard.jsx
FN:4,DashboardCard
FNF:1
FNH:1
FNDA:1,DashboardCard
DA:5,1
LF:1
LH:1
BRF:0
BRH:0
end_of_record
TN:
SF:src/components/Notifications/NotificationsPanel.jsx
FN:4,NotificationsPanel
FN:6,(anonymous_1)
FN:7,(anonymous_2)
FN:9,(anonymous_3)
FN:11,(anonymous_4)
FN:33,getIcon
FN:57,(anonymous_6)
FN:58,(anonymous_7)
FNF:8
FNH:5
FNDA:1,NotificationsPanel
FNDA:0,(anonymous_1)
FNDA:0,(anonymous_2)
FNDA:1,(anonymous_3)
FNDA:1,(anonymous_4)
FNDA:1,getIcon
FNDA:0,(anonymous_6)
FNDA:1,(anonymous_7)
DA:9,1
DA:11,1
DA:12,1
DA:15,1
DA:34,1
DA:35,0
DA:36,0
DA:37,0
DA:40,1
DA:45,1
DA:47,1
DA:57,0
DA:59,1
LF:13
LH:9
BRDA:5,0,0,0
BRDA:6,1,0,1
BRDA:7,2,0,1
BRDA:34,3,0,1
BRDA:34,3,1,0
BRDA:35,4,0,0
BRDA:35,4,1,0
BRDA:36,5,0,0
BRDA:36,5,1,0
BRDA:45,6,0,1
BRDA:45,6,1,0
BRDA:45,7,0,1
BRDA:45,7,1,1
BRDA:50,8,0,0
BRDA:50,8,1,1
BRDA:67,9,0,1
BRDA:67,9,1,0
BRF:17
BRH:8
end_of_record
TN:
SF:src/components/Profile/UserProfileForm.jsx
FN:17,UserProfileForm
FN:38,(anonymous_1)
FN:49,(anonymous_2)
FN:53,(anonymous_3)
FN:64,(anonymous_4)
FN:82,(anonymous_5)
FNF:6
FNH:3
FNDA:4,UserProfileForm
FNDA:2,(anonymous_1)
FNDA:0,(anonymous_2)
FNDA:0,(anonymous_3)
FNDA:1,(anonymous_4)
FNDA:0,(anonymous_5)
DA:18,4
DA:19,4
DA:20,4
DA:21,4
DA:28,4
DA:38,4
DA:39,2
DA:49,4
DA:50,0
DA:51,0
DA:52,0
DA:53,0
DA:54,0
DA:56,0
DA:64,4
DA:65,1
DA:71,1
DA:72,1
DA:75,4
DA:82,0
LF:20
LH:13
BRDA:30,0,0,4
BRDA:30,0,1,2
BRDA:31,1,0,4
BRDA:31,1,1,2
BRDA:32,2,0,4
BRDA:32,2,1,4
BRDA:33,3,0,4
BRDA:33,3,1,4
BRDA:40,4,0,2
BRDA:40,4,1,1
BRDA:41,5,0,2
BRDA:41,5,1,1
BRDA:51,6,0,0
BRDA:51,6,1,0
BRDA:82,7,0,0
BRDA:82,7,1,0
BRDA:85,8,0,0
BRDA:85,8,1,4
BRDA:117,9,0,0
BRDA:117,9,1,4
BRDA:128,10,0,0
BRDA:128,10,1,4
BRF:22
BRH:15
end_of_record
TN:
SF:src/components/Tasks/TaskList.jsx
FN:38,(anonymous_0)
FN:46,(anonymous_1)
FN:80,(anonymous_2)
FN:101,(anonymous_3)
FN:110,TaskList
FN:127,(anonymous_5)
FN:131,(anonymous_6)
FN:132,(anonymous_7)
FN:150,(anonymous_8)
FN:154,(anonymous_9)
FN:160,(anonymous_10)
FNF:11
FNH:8
FNDA:4,(anonymous_0)
FNDA:4,(anonymous_1)
FNDA:4,(anonymous_2)
FNDA:1,(anonymous_3)
FNDA:3,TaskList
FNDA:0,(anonymous_5)
FNDA:0,(anonymous_6)
FNDA:0,(anonymous_7)
FNDA:4,(anonymous_8)
FNDA:4,(anonymous_9)
FNDA:1,(anonymous_10)
DA:38,1
DA:39,4
DA:46,1
DA:47,4
DA:63,1
DA:80,1
DA:87,4
DA:89,4
DA:94,4
DA:101,1
DA:111,3
DA:112,3
DA:113,3
DA:116,3
DA:127,3
DA:128,0
DA:130,0
DA:131,0
DA:132,0
DA:134,0
DA:141,3
DA:150,4
DA:155,4
DA:160,1
LF:24
LH:19
BRDA:55,0,0,4
BRDA:55,0,1,2
BRDA:99,1,0,1
BRDA:99,1,1,3
BRDA:112,2,0,3
BRDA:112,2,1,0
BRDA:112,3,0,3
BRDA:112,3,1,3
BRDA:130,4,0,0
BRDA:130,4,1,0
BRF:10
BRH:7
end_of_record
TN:
SF:src/features/auth/authSlice.js
FN:14,(anonymous_0)
FN:19,(anonymous_1)
FN:37,(anonymous_2)
FN:41,(anonymous_3)
FN:68,(anonymous_4)
FN:79,(anonymous_5)
FN:83,(anonymous_6)
FN:86,(anonymous_7)
FN:90,(anonymous_8)
FN:95,(anonymous_9)
FN:101,(anonymous_10)
FN:105,(anonymous_11)
FN:110,(anonymous_12)
FN:116,(anonymous_13)
FN:124,(anonymous_14)
FN:125,(anonymous_15)
FN:126,(anonymous_16)
FNF:17
FNH:0
FNDA:0,(anonymous_0)
FNDA:0,(anonymous_1)
FNDA:0,(anonymous_2)
FNDA:0,(anonymous_3)
FNDA:0,(anonymous_4)
FNDA:0,(anonymous_5)
FNDA:0,(anonymous_6)
FNDA:0,(anonymous_7)
FNDA:0,(anonymous_8)
FNDA:0,(anonymous_9)
FNDA:0,(anonymous_10)
FNDA:0,(anonymous_11)
FNDA:0,(anonymous_12)
FNDA:0,(anonymous_13)
FNDA:0,(anonymous_14)
FNDA:0,(anonymous_15)
FNDA:0,(anonymous_16)
DA:6,1
DA:12,1
DA:15,0
DA:17,0
DA:18,0
DA:19,0
DA:21,0
DA:22,0
DA:25,0
DA:27,0
DA:28,0
DA:30,0
DA:35,1
DA:38,0
DA:40,0
DA:41,0
DA:42,0
DA:44,0
DA:53,0
DA:54,0
DA:56,0
DA:58,0
DA:59,0
DA:61,0
DA:66,1
DA:69,0
DA:70,0
DA:71,0
DA:75,1
DA:80,0
DA:84,0
DA:87,0
DA:88,0
DA:91,0
DA:92,0
DA:93,0
DA:96,0
DA:97,0
DA:102,0
DA:103,0
DA:106,0
DA:107,0
DA:108,0
DA:111,0
DA:112,0
DA:117,0
DA:118,0
DA:119,0
DA:124,1
DA:125,1
DA:126,1
DA:128,1
LF:52
LH:9
BRDA:19,0,0,0
BRDA:19,0,1,0
BRDA:21,1,0,0
BRDA:21,1,1,0
BRDA:41,2,0,0
BRDA:41,2,1,0
BRF:6
BRH:0
end_of_record
TN:
SF:src/features/notifications/notificationSlice.js
FN:12,(anonymous_0)
FN:22,(anonymous_1)
FN:23,(anonymous_2)
FN:29,(anonymous_3)
FN:33,(anonymous_4)
FN:40,(anonymous_5)
FN:44,(anonymous_6)
FN:45,(anonymous_7)
FN:53,(anonymous_8)
FN:54,(anonymous_9)
FNF:10
FNH:1
FNDA:1,(anonymous_0)
FNDA:0,(anonymous_1)
FNDA:0,(anonymous_2)
FNDA:0,(anonymous_3)
FNDA:0,(anonymous_4)
FNDA:0,(anonymous_5)
FNDA:0,(anonymous_6)
FNDA:0,(anonymous_7)
FNDA:0,(anonymous_8)
FNDA:0,(anonymous_9)
DA:4,2
DA:8,2
DA:13,1
DA:19,1
DA:20,1
DA:23,0
DA:24,0
DA:25,0
DA:26,0
DA:30,0
DA:31,0
DA:34,0
DA:40,2
DA:42,2
DA:45,0
DA:46,0
DA:51,2
DA:54,0
DA:63,2
LF:19
LH:9
BRDA:24,0,0,0
BRDA:24,0,1,0
BRF:2
BRH:0
end_of_record
TN:
SF:src/features/profile/profileSlice.js
FN:20,(anonymous_0)
FN:27,(anonymous_1)
FN:31,(anonymous_2)
FN:38,(anonymous_3)
FN:40,(anonymous_4)
FN:47,(anonymous_5)
FNF:6
FNH:3
FNDA:1,(anonymous_0)
FNDA:0,(anonymous_1)
FNDA:0,(anonymous_2)
FNDA:1,(anonymous_3)
FNDA:0,(anonymous_4)
FNDA:3,(anonymous_5)
DA:5,1
DA:16,1
DA:21,1
DA:25,1
DA:28,0
DA:29,0
DA:32,0
DA:33,0
DA:34,0
DA:40,1
DA:41,0
DA:47,3
DA:49,1
LF:13
LH:7
BRDA:6,0,0,1
BRDA:6,0,1,1
BRDA:33,1,0,0
BRDA:33,1,1,0
BRF:4
BRH:2
end_of_record
TN:
SF:src/features/tasks/tasksSlice.js
FN:20,(anonymous_0)
FN:30,(anonymous_1)
FN:31,(anonymous_2)
FN:37,(anonymous_3)
FN:38,(anonymous_4)
FN:41,(anonymous_5)
FN:47,(anonymous_6)
FN:57,(anonymous_7)
FN:57,(anonymous_8)
FN:62,(anonymous_9)
FN:62,(anonymous_10)
FN:67,(anonymous_11)
FN:67,(anonymous_12)
FN:73,(anonymous_13)
FN:74,(anonymous_14)
FN:74,(anonymous_15)
FN:75,(anonymous_16)
FN:75,(anonymous_17)
FNF:18
FNH:5
FNDA:0,(anonymous_0)
FNDA:1,(anonymous_1)
FNDA:1,(anonymous_2)
FNDA:0,(anonymous_3)
FNDA:0,(anonymous_4)
FNDA:0,(anonymous_5)
FNDA:0,(anonymous_6)
FNDA:0,(anonymous_7)
FNDA:0,(anonymous_8)
FNDA:1,(anonymous_9)
FNDA:1,(anonymous_10)
FNDA:0,(anonymous_11)
FNDA:0,(anonymous_12)
FNDA:6,(anonymous_13)
FNDA:0,(anonymous_14)
FNDA:0,(anonymous_15)
FNDA:0,(anonymous_16)
FNDA:0,(anonymous_17)
DA:5,1
DA:11,1
DA:12,1
DA:16,1
DA:21,0
DA:27,0
DA:28,0
DA:31,1
DA:32,1
DA:33,1
DA:34,1
DA:38,0
DA:39,0
DA:42,0
DA:43,0
DA:44,0
DA:45,0
DA:48,0
DA:54,1
DA:57,1
DA:58,0
DA:59,0
DA:62,1
DA:63,1
DA:64,1
DA:67,1
DA:68,0
DA:69,0
DA:73,6
DA:74,1
DA:75,1
LF:31
LH:17
BRDA:13,0,0,0
BRDA:13,0,1,1
BRDA:13,1,0,1
BRDA:13,1,1,1
BRDA:32,2,0,1
BRDA:32,2,1,0
BRF:6
BRH:4
end_of_record
TN:
SF:src/services/storage.js
FN:28,(anonymous_0)
FN:43,(anonymous_1)
FN:52,(anonymous_2)
FN:53,(anonymous_3)
FN:54,(anonymous_4)
FN:57,(anonymous_5)
FN:58,(anonymous_6)
FN:59,(anonymous_7)
FN:62,(anonymous_8)
FN:63,(anonymous_9)
FN:64,(anonymous_10)
FN:67,(anonymous_11)
FN:68,(anonymous_12)
FN:69,(anonymous_13)
FN:72,(anonymous_14)
FN:73,(anonymous_15)
FN:74,(anonymous_16)
FNF:17
FNH:9
FNDA:5,(anonymous_0)
FNDA:3,(anonymous_1)
FNDA:1,(anonymous_2)
FNDA:0,(anonymous_3)
FNDA:0,(anonymous_4)
FNDA:1,(anonymous_5)
FNDA:1,(anonymous_6)
FNDA:0,(anonymous_7)
FNDA:1,(anonymous_8)
FNDA:1,(anonymous_9)
FNDA:0,(anonymous_10)
FNDA:2,(anonymous_11)
FNDA:1,(anonymous_12)
FNDA:0,(anonymous_13)
FNDA:0,(anonymous_14)
FNDA:0,(anonymous_15)
FNDA:0,(anonymous_16)
DA:15,2
DA:28,2
DA:29,5
DA:30,5
DA:31,5
DA:33,0
DA:34,0
DA:43,2
DA:44,3
DA:45,3
DA:47,0
DA:52,2
DA:53,2
DA:54,2
DA:57,2
DA:58,2
DA:59,2
DA:62,2
DA:63,2
DA:64,2
DA:67,2
DA:68,2
DA:69,2
DA:72,2
DA:73,2
DA:74,2
LF:26
LH:23
BRDA:28,0,0,2
BRDA:31,1,0,0
BRDA:31,1,1,5
BRF:3
BRH:2
end_of_record
